0 info it worked if it ends with ok
1 verbose cli [ '/home/ariel/.nvm/versions/node/v6.9.4/bin/node',
1 verbose cli   '/home/ariel/.nvm/versions/node/v6.9.4/bin/npm',
1 verbose cli   'start' ]
2 info using npm@3.10.10
3 info using node@v6.9.4
4 verbose run-script [ 'prestart', 'start', 'poststart' ]
5 info lifecycle kokoriko@1.0.0~prestart: kokoriko@1.0.0
6 silly lifecycle kokoriko@1.0.0~prestart: no script for prestart, continuing
7 info lifecycle kokoriko@1.0.0~start: kokoriko@1.0.0
8 verbose lifecycle kokoriko@1.0.0~start: unsafe-perm in lifecycle true
9 verbose lifecycle kokoriko@1.0.0~start: PATH: /home/ariel/.nvm/versions/node/v6.9.4/lib/node_modules/npm/bin/node-gyp-bin:/home/ariel/projects/web/kokoriko/web/themes/contrib/kokoriko_theme/node_modules/.bin:/home/ariel/Android/Sdk/platform-tools:/home/ariel/Android/Sdk/tools:/home/ariel/Descargas/google-cloud-sdk/bin:/home/ariel/.nvm/versions/node/v6.9.4/bin:/home/ariel/Android/Sdk/platform-tools:/home/ariel/Android/Sdk/tools:/home/ariel/Descargas/google-cloud-sdk/bin:/home/ariel/Android/Sdk/platform-tools:/home/ariel/Android/Sdk/tools:/usr/local/sbin:/usr/local/bin:/usr/sbin:/usr/bin:/sbin:/bin:/usr/games:/usr/local/games:/snap/bin:/usr/lib/jvm/java-8-oracle/bin:/usr/lib/jvm/java-8-oracle/db/bin:/usr/lib/jvm/java-8-oracle/jre/bin:~/.composer/vendor/bin:/opt/android-studio/gradle/gradle-3.2//bin:/usr/lib/jvm/java-8-oracle/bin:/usr/lib/jvm/java-8-oracle/db/bin:/usr/lib/jvm/java-8-oracle/jre/bin:~/.composer/vendor/bin:/opt/android-studio/gradle/gradle-3.2//bin:/usr/lib/jvm/java-8-oracle/bin:/usr/lib/jvm/java-8-oracle/db/bin:/usr/lib/jvm/java-8-oracle/jre/bin:~/.composer/vendor/bin:/opt/android-studio/gradle/gradle-3.2//bin
10 verbose lifecycle kokoriko@1.0.0~start: CWD: /home/ariel/projects/web/kokoriko/web/themes/contrib/kokoriko_theme
11 silly lifecycle kokoriko@1.0.0~start: Args: [ '-c', 'gulp watch' ]
12 silly lifecycle kokoriko@1.0.0~start: Returned: code: 1  signal: null
13 info lifecycle kokoriko@1.0.0~start: Failed to exec start script
14 verbose stack Error: kokoriko@1.0.0 start: `gulp watch`
14 verbose stack Exit status 1
14 verbose stack     at EventEmitter.<anonymous> (/home/ariel/.nvm/versions/node/v6.9.4/lib/node_modules/npm/lib/utils/lifecycle.js:255:16)
14 verbose stack     at emitTwo (events.js:106:13)
14 verbose stack     at EventEmitter.emit (events.js:191:7)
14 verbose stack     at ChildProcess.<anonymous> (/home/ariel/.nvm/versions/node/v6.9.4/lib/node_modules/npm/lib/utils/spawn.js:40:14)
14 verbose stack     at emitTwo (events.js:106:13)
14 verbose stack     at ChildProcess.emit (events.js:191:7)
14 verbose stack     at maybeClose (internal/child_process.js:877:16)
14 verbose stack     at Process.ChildProcess._handle.onexit (internal/child_process.js:226:5)
15 verbose pkgid kokoriko@1.0.0
16 verbose cwd /home/ariel/projects/web/kokoriko/web/themes/contrib/kokoriko_theme
17 error Linux 4.15.0-34-generic
18 error argv "/home/ariel/.nvm/versions/node/v6.9.4/bin/node" "/home/ariel/.nvm/versions/node/v6.9.4/bin/npm" "start"
19 error node v6.9.4
20 error npm  v3.10.10
21 error code ELIFECYCLE
22 error kokoriko@1.0.0 start: `gulp watch`
22 error Exit status 1
23 error Failed at the kokoriko@1.0.0 start script 'gulp watch'.
23 error Make sure you have the latest version of node.js and npm installed.
23 error If you do, this is most likely a problem with the kokoriko package,
23 error not with npm itself.
23 error Tell the author that this fails on your system:
23 error     gulp watch
23 error You can get information on how to open an issue for this project with:
23 error     npm bugs kokoriko
23 error Or if that isn't available, you can get their info via:
23 error     npm owner ls kokoriko
23 error There is likely additional logging output above.
24 verbose exit [ 1, true ]
